0 info it worked if it ends with ok
1 verbose cli [ '/usr/local/bin/node', '/usr/local/bin/npm', 'start' ]
2 info using npm@3.10.10
3 info using node@v6.11.1
4 verbose run-script [ 'prestart', 'start', 'poststart' ]
5 info lifecycle mysql-restful@0.0.0~prestart: mysql-restful@0.0.0
6 silly lifecycle mysql-restful@0.0.0~prestart: no script for prestart, continuing
7 info lifecycle mysql-restful@0.0.0~start: mysql-restful@0.0.0
8 verbose lifecycle mysql-restful@0.0.0~start: unsafe-perm in lifecycle true
9 verbose lifecycle mysql-restful@0.0.0~start: PATH: /usr/local/lib/node_modules/npm/bin/node-gyp-bin:/Users/Brian_Chen/development/nodejs/mySQL_RESTFul/node_modules/.bin:/usr/local/bin:/usr/bin:/bin:/usr/sbin:/sbin:/opt/X11/bin:/Applications/Wireshark.app/Contents/MacOS:/Users/Brian_Chen/development/android-sdk-macosx/tools/:/Users/Brian_Chen/development/android-sdk-macosx/platform-tools/:/Users/Brian_Chen/bin/:/usr/local/Cellar/ant/1.9.6/bin/ant/bin:/Users/Brian_Chen/development/android-sdk-macosx/tools:/Users/Brian_Chen/development/android-sdk-macosx/platform-tools
10 verbose lifecycle mysql-restful@0.0.0~start: CWD: /Users/Brian_Chen/development/nodejs/mySQL_RESTFul
11 silly lifecycle mysql-restful@0.0.0~start: Args: [ '-c', 'node ./bin/www' ]
12 silly lifecycle mysql-restful@0.0.0~start: Returned: code: 1  signal: null
13 info lifecycle mysql-restful@0.0.0~start: Failed to exec start script
14 verbose stack Error: mysql-restful@0.0.0 start: `node ./bin/www`
14 verbose stack Exit status 1
14 verbose stack     at EventEmitter.<anonymous> (/usr/local/lib/node_modules/npm/lib/utils/lifecycle.js:255:16)
14 verbose stack     at emitTwo (events.js:106:13)
14 verbose stack     at EventEmitter.emit (events.js:191:7)
14 verbose stack     at ChildProcess.<anonymous> (/usr/local/lib/node_modules/npm/lib/utils/spawn.js:40:14)
14 verbose stack     at emitTwo (events.js:106:13)
14 verbose stack     at ChildProcess.emit (events.js:191:7)
14 verbose stack     at maybeClose (internal/child_process.js:891:16)
14 verbose stack     at Process.ChildProcess._handle.onexit (internal/child_process.js:226:5)
15 verbose pkgid mysql-restful@0.0.0
16 verbose cwd /Users/Brian_Chen/development/nodejs/mySQL_RESTFul
17 error Darwin 16.6.0
18 error argv "/usr/local/bin/node" "/usr/local/bin/npm" "start"
19 error node v6.11.1
20 error npm  v3.10.10
21 error code ELIFECYCLE
22 error mysql-restful@0.0.0 start: `node ./bin/www`
22 error Exit status 1
23 error Failed at the mysql-restful@0.0.0 start script 'node ./bin/www'.
23 error Make sure you have the latest version of node.js and npm installed.
23 error If you do, this is most likely a problem with the mysql-restful package,
23 error not with npm itself.
23 error Tell the author that this fails on your system:
23 error     node ./bin/www
23 error You can get information on how to open an issue for this project with:
23 error     npm bugs mysql-restful
23 error Or if that isn't available, you can get their info via:
23 error     npm owner ls mysql-restful
23 error There is likely additional logging output above.
24 verbose exit [ 1, true ]
